2023-05-29T17:32:46.383+08:00	[31;1m error [0m	stmt: insert into `black` (`black_id`,`deleted_at`,`user_id`,`black_user_id`,`start_time`,`end_time`,`black_type`) values (0, {0001-01-01 00:00:00 +0000 UTC false}, 10630237, 0, '2023-05-29 17:32:46.3832748 +0800 CST m=+58.529270501', '2023-06-05 17:32:46.3832748 +0800 CST', 0), error: Error 1062 (23000): Duplicate entry '0' for key 'black.PRIMARY'	caller=sqlx/utils.go:140	trace=11d2a0977dc6026f5211a19e00f136f9	span=24bd30ae4109ef4e
2023-05-29T17:32:46.383+08:00	[31;1m error [0m	Error 1062 (23000): Duplicate entry '0' for key 'black.PRIMARY'	caller=logic/addblacklistlogic.go:41
2023-05-29T17:32:47.724+08:00	[31;1m error [0m	stmt: insert into `black` (`black_id`,`deleted_at`,`user_id`,`black_user_id`,`start_time`,`end_time`,`black_type`) values (0, {0001-01-01 00:00:00 +0000 UTC false}, 10630237, 0, '2023-05-29 17:32:47.7249252 +0800 CST m=+59.870920901', '2023-06-05 17:32:47.7249252 +0800 CST', 0), error: Error 1062 (23000): Duplicate entry '0' for key 'black.PRIMARY'	caller=sqlx/utils.go:140	trace=95b691ff07276518f337adec18e0e09c	span=7aad650455dd8948
2023-05-29T17:32:47.724+08:00	[31;1m error [0m	Error 1062 (23000): Duplicate entry '0' for key 'black.PRIMARY'	caller=logic/addblacklistlogic.go:41
2023-05-29T17:33:24.319+08:00	[31;1m error [0m	stmt: insert into `black` (`black_id`,`deleted_at`,`user_id`,`black_user_id`,`start_time`,`end_time`,`black_type`) values (0, {0001-01-01 00:00:00 +0000 UTC false}, 10630237, 0, '2023-05-29 17:33:24.3143235 +0800 CST m=+10.460584501', '2023-06-05 17:33:24.3143235 +0800 CST', 0), error: Error 1062 (23000): Duplicate entry '0' for key 'black.PRIMARY'	caller=sqlx/utils.go:140	trace=be08611144b768142eaf0d9cbd65ada8	span=70c1aed8496e2155
2023-05-29T17:33:24.319+08:00	[31;1m error [0m	Error 1062 (23000): Duplicate entry '0' for key 'black.PRIMARY'	caller=logic/addblacklistlogic.go:41
2023-05-29T17:33:25.032+08:00	[31;1m error [0m	stmt: insert into `black` (`black_id`,`deleted_at`,`user_id`,`black_user_id`,`start_time`,`end_time`,`black_type`) values (0, {0001-01-01 00:00:00 +0000 UTC false}, 10630237, 0, '2023-05-29 17:33:25.0311776 +0800 CST m=+11.177438601', '2023-06-05 17:33:25.0311776 +0800 CST', 0), error: Error 1062 (23000): Duplicate entry '0' for key 'black.PRIMARY'	caller=sqlx/utils.go:140	trace=4fb1b722111c2f99832642fc439d7ac8	span=bb37a94d67c7a98a
2023-05-29T17:33:25.032+08:00	[31;1m error [0m	Error 1062 (23000): Duplicate entry '0' for key 'black.PRIMARY'	caller=logic/addblacklistlogic.go:41
2023-05-29T17:33:25.660+08:00	[31;1m error [0m	stmt: insert into `black` (`black_id`,`deleted_at`,`user_id`,`black_user_id`,`start_time`,`end_time`,`black_type`) values (0, {0001-01-01 00:00:00 +0000 UTC false}, 10630237, 0, '2023-05-29 17:33:25.6600276 +0800 CST m=+11.806288601', '2023-06-05 17:33:25.6600276 +0800 CST', 0), error: Error 1062 (23000): Duplicate entry '0' for key 'black.PRIMARY'	caller=sqlx/utils.go:140	trace=b800611609ce23f54af30134eaa266c0	span=9def92b94ca4ca46
2023-05-29T17:33:25.660+08:00	[31;1m error [0m	Error 1062 (23000): Duplicate entry '0' for key 'black.PRIMARY'	caller=logic/addblacklistlogic.go:41
2023-05-29T17:33:43.498+08:00	[31;1m error [0m	stmt: insert into `black` (`black_id`,`deleted_at`,`user_id`,`black_user_id`,`start_time`,`end_time`,`black_type`) values (0, {0001-01-01 00:00:00 +0000 UTC false}, 10630237, 0, '2023-05-29 17:33:43.4975166 +0800 CST m=+29.643777601', '2023-06-05 17:33:43.4975166 +0800 CST', 0), error: Error 1062 (23000): Duplicate entry '0' for key 'black.PRIMARY'	caller=sqlx/utils.go:140	trace=596241afd5aeb781c200f65b51e3f4f9	span=3ba05ff99039816c
2023-05-29T17:33:43.498+08:00	[31;1m error [0m	Error 1062 (23000): Duplicate entry '0' for key 'black.PRIMARY'	caller=logic/addblacklistlogic.go:41
2023-05-29T17:33:44.303+08:00	[31;1m error [0m	stmt: insert into `black` (`black_id`,`deleted_at`,`user_id`,`black_user_id`,`start_time`,`end_time`,`black_type`) values (0, {0001-01-01 00:00:00 +0000 UTC false}, 10630237, 0, '2023-05-29 17:33:44.3030262 +0800 CST m=+30.449287201', '2023-06-05 17:33:44.3030262 +0800 CST', 0), error: Error 1062 (23000): Duplicate entry '0' for key 'black.PRIMARY'	caller=sqlx/utils.go:140	trace=a01d47d2bcd505665773f9b82d0f9eb0	span=43ba337838598656
2023-05-29T17:33:44.303+08:00	[31;1m error [0m	Error 1062 (23000): Duplicate entry '0' for key 'black.PRIMARY'	caller=logic/addblacklistlogic.go:41
2023-05-29T17:33:45.041+08:00	[31;1m error [0m	stmt: insert into `black` (`black_id`,`deleted_at`,`user_id`,`black_user_id`,`start_time`,`end_time`,`black_type`) values (0, {0001-01-01 00:00:00 +0000 UTC false}, 10630237, 0, '2023-05-29 17:33:45.0417419 +0800 CST m=+31.188002901', '2023-06-05 17:33:45.0417419 +0800 CST', 0), error: Error 1062 (23000): Duplicate entry '0' for key 'black.PRIMARY'	caller=sqlx/utils.go:140	trace=0c6564362960bab1a3b5706e036f8927	span=3862a5deb10588bc
2023-05-29T17:33:45.042+08:00	[31;1m error [0m	Error 1062 (23000): Duplicate entry '0' for key 'black.PRIMARY'	caller=logic/addblacklistlogic.go:41
2023-05-29T17:33:45.583+08:00	[31;1m error [0m	stmt: insert into `black` (`black_id`,`deleted_at`,`user_id`,`black_user_id`,`start_time`,`end_time`,`black_type`) values (0, {0001-01-01 00:00:00 +0000 UTC false}, 10630237, 0, '2023-05-29 17:33:45.5829817 +0800 CST m=+31.729242701', '2023-06-05 17:33:45.5829817 +0800 CST', 0), error: Error 1062 (23000): Duplicate entry '0' for key 'black.PRIMARY'	caller=sqlx/utils.go:140	trace=87e5a3233f8697f3a69c8ba3d12c3870	span=8ff6dfb22bc5a2ac
2023-05-29T17:33:45.583+08:00	[31;1m error [0m	Error 1062 (23000): Duplicate entry '0' for key 'black.PRIMARY'	caller=logic/addblacklistlogic.go:41
2023-05-29T17:33:46.082+08:00	[31;1m error [0m	stmt: insert into `black` (`black_id`,`deleted_at`,`user_id`,`black_user_id`,`start_time`,`end_time`,`black_type`) values (0, {0001-01-01 00:00:00 +0000 UTC false}, 10630237, 0, '2023-05-29 17:33:46.0809489 +0800 CST m=+32.227209901', '2023-06-05 17:33:46.0809489 +0800 CST', 0), error: Error 1062 (23000): Duplicate entry '0' for key 'black.PRIMARY'	caller=sqlx/utils.go:140	trace=0baa3425ab41fcaad182459b91224637	span=7040a51111576755
2023-05-29T17:33:46.082+08:00	[31;1m error [0m	Error 1062 (23000): Duplicate entry '0' for key 'black.PRIMARY'	caller=logic/addblacklistlogic.go:41
2023-05-29T17:33:46.633+08:00	[31;1m error [0m	stmt: insert into `black` (`black_id`,`deleted_at`,`user_id`,`black_user_id`,`start_time`,`end_time`,`black_type`) values (0, {0001-01-01 00:00:00 +0000 UTC false}, 10630237, 0, '2023-05-29 17:33:46.6330658 +0800 CST m=+32.779326801', '2023-06-05 17:33:46.6330658 +0800 CST', 0), error: Error 1062 (23000): Duplicate entry '0' for key 'black.PRIMARY'	caller=sqlx/utils.go:140	trace=dfdd8aa715c618b79c9c70060c2a543a	span=a40111d1d0789f6d
2023-05-29T17:33:46.633+08:00	[31;1m error [0m	Error 1062 (23000): Duplicate entry '0' for key 'black.PRIMARY'	caller=logic/addblacklistlogic.go:41
2023-05-29T17:33:47.189+08:00	[31;1m error [0m	stmt: insert into `black` (`black_id`,`deleted_at`,`user_id`,`black_user_id`,`start_time`,`end_time`,`black_type`) values (0, {0001-01-01 00:00:00 +0000 UTC false}, 10630237, 0, '2023-05-29 17:33:47.1897254 +0800 CST m=+33.335986401', '2023-06-05 17:33:47.1897254 +0800 CST', 0), error: Error 1062 (23000): Duplicate entry '0' for key 'black.PRIMARY'	caller=sqlx/utils.go:140	trace=09037a5c01303b63c50fd8b146f144b9	span=089ae7763f759d55
2023-05-29T17:33:47.189+08:00	[31;1m error [0m	Error 1062 (23000): Duplicate entry '0' for key 'black.PRIMARY'	caller=logic/addblacklistlogic.go:41
2023-05-29T17:33:47.667+08:00	[31;1m error [0m	stmt: insert into `black` (`black_id`,`deleted_at`,`user_id`,`black_user_id`,`start_time`,`end_time`,`black_type`) values (0, {0001-01-01 00:00:00 +0000 UTC false}, 10630237, 0, '2023-05-29 17:33:47.6675563 +0800 CST m=+33.813817301', '2023-06-05 17:33:47.6675563 +0800 CST', 0), error: Error 1062 (23000): Duplicate entry '0' for key 'black.PRIMARY'	caller=sqlx/utils.go:140	trace=418dfc91bfc7356b9c8a51d20d4baeae	span=9e8e8d240ff94215
2023-05-29T17:33:47.667+08:00	[31;1m error [0m	Error 1062 (23000): Duplicate entry '0' for key 'black.PRIMARY'	caller=logic/addblacklistlogic.go:41
2023-05-29T17:34:03.493+08:00	[31;1m error [0m	stmt: insert into `black` (`black_id`,`deleted_at`,`user_id`,`black_user_id`,`start_time`,`end_time`,`black_type`) values (0, {0001-01-01 00:00:00 +0000 UTC false}, 910, 0, '2023-05-29 17:34:03.4933433 +0800 CST m=+49.639604301', '2023-06-05 17:34:03.4933433 +0800 CST', 0), error: Error 1062 (23000): Duplicate entry '0' for key 'black.PRIMARY'	caller=sqlx/utils.go:140	trace=50092fea634f3d268c6cafbae9198eaa	span=e9b3d924e3bcd7e6
2023-05-29T17:34:03.493+08:00	[31;1m error [0m	Error 1062 (23000): Duplicate entry '0' for key 'black.PRIMARY'	caller=logic/addblacklistlogic.go:41
2023-05-29T17:34:04.531+08:00	[31;1m error [0m	stmt: insert into `black` (`black_id`,`deleted_at`,`user_id`,`black_user_id`,`start_time`,`end_time`,`black_type`) values (0, {0001-01-01 00:00:00 +0000 UTC false}, 910, 0, '2023-05-29 17:34:04.5306092 +0800 CST m=+50.676870201', '2023-06-05 17:34:04.5306092 +0800 CST', 0), error: Error 1062 (23000): Duplicate entry '0' for key 'black.PRIMARY'	caller=sqlx/utils.go:140	trace=6ce007e2ad8ee6c9b0c9f5cec4b7b4c8	span=b654cfb94416a952
2023-05-29T17:34:04.531+08:00	[31;1m error [0m	Error 1062 (23000): Duplicate entry '0' for key 'black.PRIMARY'	caller=logic/addblacklistlogic.go:41
2023-05-29T17:35:33.123+08:00	[31;1m error [0m	stmt: insert into `black` (`black_id`,`deleted_at`,`user_id`,`black_user_id`,`start_time`,`end_time`,`black_type`) values (0, {0001-01-01 00:00:00 +0000 UTC false}, 910, 0, '2023-05-29 17:35:33.121479 +0800 CST m=+139.267740001', '2023-06-05 17:35:33.121479 +0800 CST', 0), error: Error 1062 (23000): Duplicate entry '0' for key 'black.PRIMARY'	caller=sqlx/utils.go:140	trace=6713a177a45d1f3c1fd2c28a23f62817	span=7f8b7838a5062b31
2023-05-29T17:35:33.123+08:00	[31;1m error [0m	Error 1062 (23000): Duplicate entry '0' for key 'black.PRIMARY'	caller=logic/addblacklistlogic.go:41
2023-05-29T17:38:08.405+08:00	[31;1m error [0m	stmt: insert into `black` (`black_id`,`deleted_at`,`user_id`,`black_user_id`,`start_time`,`end_time`,`black_type`) values (0, {0001-01-01 00:00:00 +0000 UTC false}, 60280733261, 0, '2023-05-29 17:38:08.3973732 +0800 CST m=+1.499424701', '2023-06-05 17:38:08.3973732 +0800 CST', 0), error: Error 1062 (23000): Duplicate entry '0' for key 'black.PRIMARY'	caller=sqlx/utils.go:140	trace=2b489c48f81b402eaaf86ffb1fe5cbf8	span=f6fcf6c662deb911
2023-05-29T17:38:08.405+08:00	[31;1m error [0m	Error 1062 (23000): Duplicate entry '0' for key 'black.PRIMARY'	caller=logic/addblacklistlogic.go:41
2023-05-29T17:38:09.212+08:00	[31;1m error [0m	stmt: insert into `black` (`black_id`,`deleted_at`,`user_id`,`black_user_id`,`start_time`,`end_time`,`black_type`) values (0, {0001-01-01 00:00:00 +0000 UTC false}, 60280733261, 0, '2023-05-29 17:38:09.2120712 +0800 CST m=+2.314122701', '2023-06-05 17:38:09.2120712 +0800 CST', 0), error: Error 1062 (23000): Duplicate entry '0' for key 'black.PRIMARY'	caller=sqlx/utils.go:140	trace=08e8d670e67e21e52424047247646565	span=33cc7bd8b98949f9
2023-05-29T17:38:09.212+08:00	[31;1m error [0m	Error 1062 (23000): Duplicate entry '0' for key 'black.PRIMARY'	caller=logic/addblacklistlogic.go:41
2023-05-29T17:38:09.857+08:00	[31;1m error [0m	stmt: insert into `black` (`black_id`,`deleted_at`,`user_id`,`black_user_id`,`start_time`,`end_time`,`black_type`) values (0, {0001-01-01 00:00:00 +0000 UTC false}, 60280733261, 0, '2023-05-29 17:38:09.8574492 +0800 CST m=+2.959500701', '2023-06-05 17:38:09.8574492 +0800 CST', 0), error: Error 1062 (23000): Duplicate entry '0' for key 'black.PRIMARY'	caller=sqlx/utils.go:140	trace=9f6b17eb3f280642f3d5138a1cb730e4	span=17092310827316c0
2023-05-29T17:38:09.857+08:00	[31;1m error [0m	Error 1062 (23000): Duplicate entry '0' for key 'black.PRIMARY'	caller=logic/addblacklistlogic.go:41
2023-05-29T17:38:33.017+08:00	[31;1m error [0m	<nil>	caller=logic/addadminlogic.go:34
2023-05-29T17:38:33.017+08:00	[31;1m error [0m	[core][Server #1] grpc: server failed to encode response: rpc error: code = Internal desc = grpc: error while marshaling: proto: Marshal called with nil	caller=internal/rpclogger.go:30
2023-05-29T17:38:34.033+08:00	[31;1m error [0m	<nil>	caller=logic/addadminlogic.go:34
2023-05-29T17:38:34.033+08:00	[31;1m error [0m	[core][Server #1] grpc: server failed to encode response: rpc error: code = Internal desc = grpc: error while marshaling: proto: Marshal called with nil	caller=internal/rpclogger.go:30
2023-05-29T17:39:13.776+08:00	[31;1m error [0m	<nil>	caller=logic/addadminlogic.go:34
2023-05-29T17:39:13.776+08:00	[31;1m error [0m	[core][Server #1] grpc: server failed to encode response: rpc error: code = Internal desc = grpc: error while marshaling: proto: Marshal called with nil	caller=internal/rpclogger.go:30
2023-05-29T17:39:14.395+08:00	[31;1m error [0m	<nil>	caller=logic/addadminlogic.go:34
2023-05-29T17:39:14.396+08:00	[31;1m error [0m	[core][Server #1] grpc: server failed to encode response: rpc error: code = Internal desc = grpc: error while marshaling: proto: Marshal called with nil	caller=internal/rpclogger.go:30
2023-05-29T17:39:17.563+08:00	[31;1m error [0m	<nil>	caller=logic/addadminlogic.go:34
2023-05-29T17:39:17.563+08:00	[31;1m error [0m	[core][Server #1] grpc: server failed to encode response: rpc error: code = Internal desc = grpc: error while marshaling: proto: Marshal called with nil	caller=internal/rpclogger.go:30
2023-05-29T17:39:18.026+08:00	[31;1m error [0m	<nil>	caller=logic/addadminlogic.go:34
2023-05-29T17:39:18.026+08:00	[31;1m error [0m	[core][Server #1] grpc: server failed to encode response: rpc error: code = Internal desc = grpc: error while marshaling: proto: Marshal called with nil	caller=internal/rpclogger.go:30
2023-05-29T17:39:18.406+08:00	[31;1m error [0m	<nil>	caller=logic/addadminlogic.go:34
2023-05-29T17:39:18.406+08:00	[31;1m error [0m	[core][Server #1] grpc: server failed to encode response: rpc error: code = Internal desc = grpc: error while marshaling: proto: Marshal called with nil	caller=internal/rpclogger.go:30
2023-05-29T17:40:16.563+08:00	[31;1m error [0m	<nil>	caller=logic/addadminlogic.go:34
2023-05-29T17:40:16.563+08:00	[31;1m error [0m	[core][Server #1] grpc: server failed to encode response: rpc error: code = Internal desc = grpc: error while marshaling: proto: Marshal called with nil	caller=internal/rpclogger.go:30
2023-05-29T17:40:17.155+08:00	[31;1m error [0m	<nil>	caller=logic/addadminlogic.go:34
2023-05-29T17:40:17.155+08:00	[31;1m error [0m	[core][Server #1] grpc: server failed to encode response: rpc error: code = Internal desc = grpc: error while marshaling: proto: Marshal called with nil	caller=internal/rpclogger.go:30
2023-05-29T17:40:17.591+08:00	[31;1m error [0m	<nil>	caller=logic/addadminlogic.go:34
2023-05-29T17:40:17.591+08:00	[31;1m error [0m	[core][Server #1] grpc: server failed to encode response: rpc error: code = Internal desc = grpc: error while marshaling: proto: Marshal called with nil	caller=internal/rpclogger.go:30
2023-05-29T17:40:17.960+08:00	[31;1m error [0m	<nil>	caller=logic/addadminlogic.go:34
2023-05-29T17:40:17.960+08:00	[31;1m error [0m	[core][Server #1] grpc: server failed to encode response: rpc error: code = Internal desc = grpc: error while marshaling: proto: Marshal called with nil	caller=internal/rpclogger.go:30
2023-05-29T17:40:23.799+08:00	[31;1m error [0m	stmt: insert into `user` (`user_id`,`deleted_at`,`twitter_id`) values (1663118078411542528, {0001-01-01 00:00:00 +0000 UTC false}, '12312312312123'), error: Error 1062 (23000): Duplicate entry '12312312312123' for key 'user.idx_twitter_id'	caller=sqlx/utils.go:140	trace=13a62b9341391d0240920825e24bb3c3	span=210e5990a1208131
2023-05-29T17:40:24.476+08:00	[31;1m error [0m	stmt: insert into `user` (`user_id`,`deleted_at`,`twitter_id`) values (1663118081284640768, {0001-01-01 00:00:00 +0000 UTC false}, '12312312312123'), error: Error 1062 (23000): Duplicate entry '12312312312123' for key 'user.idx_twitter_id'	caller=sqlx/utils.go:140	trace=b1e1f9d2bc9da9ea2f1af2c77263f4d3	span=e73fbcdc7b703eee
2023-05-29T17:40:24.887+08:00	[31;1m error [0m	stmt: insert into `user` (`user_id`,`deleted_at`,`twitter_id`) values (1663118083008499712, {0001-01-01 00:00:00 +0000 UTC false}, '12312312312123'), error: Error 1062 (23000): Duplicate entry '12312312312123' for key 'user.idx_twitter_id'	caller=sqlx/utils.go:140	trace=de9a98c7536951a28b9b619b1d437e36	span=9a3e16d78307bebf
2023-05-29T17:40:28.452+08:00	[31;1m error [0m	stmt: insert into `user` (`user_id`,`deleted_at`,`twitter_id`) values (1663118097961193472, {0001-01-01 00:00:00 +0000 UTC false}, '12312312312123'), error: Error 1062 (23000): Duplicate entry '12312312312123' for key 'user.idx_twitter_id'	caller=sqlx/utils.go:140	trace=9c6514bbe551c7af630a253507a4de6d	span=b323ced98f2f3374
2023-05-29T17:40:29.110+08:00	[31;1m error [0m	stmt: insert into `user` (`user_id`,`deleted_at`,`twitter_id`) values (1663118100721045504, {0001-01-01 00:00:00 +0000 UTC false}, '12312312312123'), error: Error 1062 (23000): Duplicate entry '12312312312123' for key 'user.idx_twitter_id'	caller=sqlx/utils.go:140	trace=7b4de8503959ba54056a478b9cb02e40	span=2e5efae905ac0abe
2023-05-29T17:40:29.401+08:00	[31;1m error [0m	stmt: insert into `user` (`user_id`,`deleted_at`,`twitter_id`) values (1663118101937393664, {0001-01-01 00:00:00 +0000 UTC false}, '12312312312123'), error: Error 1062 (23000): Duplicate entry '12312312312123' for key 'user.idx_twitter_id'	caller=sqlx/utils.go:140	trace=59aa9f43c442b25538a893302126df5e	span=1e0af478b1bbd9bb
2023-05-29T17:40:29.882+08:00	[31;1m error [0m	stmt: insert into `user` (`user_id`,`deleted_at`,`twitter_id`) values (1663118103954853888, {0001-01-01 00:00:00 +0000 UTC false}, '12312312312123'), error: Error 1062 (23000): Duplicate entry '12312312312123' for key 'user.idx_twitter_id'	caller=sqlx/utils.go:140	trace=69139a84d60db150e816d3f212a845ba	span=d85c23a4e593db44
2023-05-29T17:40:30.221+08:00	[31;1m error [0m	stmt: insert into `user` (`user_id`,`deleted_at`,`twitter_id`) values (1663118105380917248, {0001-01-01 00:00:00 +0000 UTC false}, '12312312312123'), error: Error 1062 (23000): Duplicate entry '12312312312123' for key 'user.idx_twitter_id'	caller=sqlx/utils.go:140	trace=c7ca45340ab5da8396743ce0aa1ad0d6	span=9bbc87def52ab993
2023-05-29T17:40:32.928+08:00	[31;1m error [0m	stmt: insert into `user` (`user_id`,`deleted_at`,`twitter_id`) values (1663118116734898176, {0001-01-01 00:00:00 +0000 UTC false}, '12312312312123'), error: Error 1062 (23000): Duplicate entry '12312312312123' for key 'user.idx_twitter_id'	caller=sqlx/utils.go:140	trace=d56fabb2448ee80f4f9f7fc9902fed25	span=81148dd04a3238af
2023-05-29T17:40:33.520+08:00	[31;1m error [0m	stmt: insert into `user` (`user_id`,`deleted_at`,`twitter_id`) values (1663118119222120448, {0001-01-01 00:00:00 +0000 UTC false}, '12312312312123'), error: Error 1062 (23000): Duplicate entry '12312312312123' for key 'user.idx_twitter_id'	caller=sqlx/utils.go:140	trace=c930d77db0f3f43a995b017369fecebf	span=353c0019c8a81fdb
2023-05-29T17:40:33.874+08:00	[31;1m error [0m	stmt: insert into `user` (`user_id`,`deleted_at`,`twitter_id`) values (1663118120698515456, {0001-01-01 00:00:00 +0000 UTC false}, '12312312312123'), error: Error 1062 (23000): Duplicate entry '12312312312123' for key 'user.idx_twitter_id'	caller=sqlx/utils.go:140	trace=3d3db1371d0ad80539f5ee90ed44b6d6	span=0c412ce5f6499920
2023-05-29T17:40:36.112+08:00	[31;1m error [0m	stmt: insert into `user` (`user_id`,`deleted_at`,`twitter_id`) values (1663118130089562112, {0001-01-01 00:00:00 +0000 UTC false}, '12312312312123'), error: Error 1062 (23000): Duplicate entry '12312312312123' for key 'user.idx_twitter_id'	caller=sqlx/utils.go:140	trace=022b530642ce1e458eddcff5e702eaff	span=758e8ac7c14833a0
2023-05-29T17:40:36.616+08:00	[31;1m error [0m	stmt: insert into `user` (`user_id`,`deleted_at`,`twitter_id`) values (1663118132207685632, {0001-01-01 00:00:00 +0000 UTC false}, '12312312312123'), error: Error 1062 (23000): Duplicate entry '12312312312123' for key 'user.idx_twitter_id'	caller=sqlx/utils.go:140	trace=12b75fc1f9d621ce8a1089b5721ab135	span=b129551b6071b65e
2023-05-29T17:40:36.813+08:00	[31;1m error [0m	stmt: insert into `user` (`user_id`,`deleted_at`,`twitter_id`) values (1663118133029769216, {0001-01-01 00:00:00 +0000 UTC false}, '12312312312123'), error: Error 1062 (23000): Duplicate entry '12312312312123' for key 'user.idx_twitter_id'	caller=sqlx/utils.go:140	trace=ed2ba9d399302a83fe56204ad2632f14	span=683e8c18dbf0e0c7
2023-05-29T17:40:37.180+08:00	[31;1m error [0m	stmt: insert into `user` (`user_id`,`deleted_at`,`twitter_id`) values (1663118134569078784, {0001-01-01 00:00:00 +0000 UTC false}, '12312312312123'), error: Error 1062 (23000): Duplicate entry '12312312312123' for key 'user.idx_twitter_id'	caller=sqlx/utils.go:140	trace=65db5f9881abb3e5e3e880f1fabf31f8	span=6fb39a17d95aaafb
2023-05-29T17:40:37.565+08:00	[31;1m error [0m	stmt: insert into `user` (`user_id`,`deleted_at`,`twitter_id`) values (1663118136183885824, {0001-01-01 00:00:00 +0000 UTC false}, '12312312312123'), error: Error 1062 (23000): Duplicate entry '12312312312123' for key 'user.idx_twitter_id'	caller=sqlx/utils.go:140	trace=57339a6a5045e400efb41f4e81c85df3	span=6b67ccd2c4be89f6
2023-05-29T17:41:36.977+08:00	[31;1m error [0m	stmt: insert into `black` (`black_id`,`deleted_at`,`user_id`,`black_user_id`,`start_time`,`end_time`,`black_type`) values (0, {0001-01-01 00:00:00 +0000 UTC false}, 5896924802, 0, '2023-05-29 17:41:36.9752192 +0800 CST m=+81.044984101', '2023-06-05 17:41:36.9752192 +0800 CST', 0), error: Error 1062 (23000): Duplicate entry '0' for key 'black.PRIMARY'	caller=sqlx/utils.go:140	trace=3d8fed1d936c9aa7b6fde7ca6356d8a6	span=73c5043203801dfa
2023-05-29T17:41:36.977+08:00	[31;1m error [0m	Error 1062 (23000): Duplicate entry '0' for key 'black.PRIMARY'	caller=logic/addblacklistlogic.go:41
2023-05-29T17:41:37.893+08:00	[31;1m error [0m	stmt: insert into `black` (`black_id`,`deleted_at`,`user_id`,`black_user_id`,`start_time`,`end_time`,`black_type`) values (0, {0001-01-01 00:00:00 +0000 UTC false}, 5896924802, 0, '2023-05-29 17:41:37.8928818 +0800 CST m=+81.962646701', '2023-06-05 17:41:37.8928818 +0800 CST', 0), error: Error 1062 (23000): Duplicate entry '0' for key 'black.PRIMARY'	caller=sqlx/utils.go:140	trace=df100843063e4cfdc32e91f6c8b1c563	span=aabd0ff3a46b4fe1
2023-05-29T17:41:37.893+08:00	[31;1m error [0m	Error 1062 (23000): Duplicate entry '0' for key 'black.PRIMARY'	caller=logic/addblacklistlogic.go:41
2023-05-29T17:41:38.550+08:00	[31;1m error [0m	stmt: insert into `black` (`black_id`,`deleted_at`,`user_id`,`black_user_id`,`start_time`,`end_time`,`black_type`) values (0, {0001-01-01 00:00:00 +0000 UTC false}, 5896924802, 0, '2023-05-29 17:41:38.5491158 +0800 CST m=+82.618880701', '2023-06-05 17:41:38.5491158 +0800 CST', 0), error: Error 1062 (23000): Duplicate entry '0' for key 'black.PRIMARY'	caller=sqlx/utils.go:140	trace=16fc25c0058d4beeb44b65af3a85aafc	span=3b2fa200cca2df74
2023-05-29T17:41:38.550+08:00	[31;1m error [0m	Error 1062 (23000): Duplicate entry '0' for key 'black.PRIMARY'	caller=logic/addblacklistlogic.go:41
2023-05-29T17:42:50.829+08:00	[31;1m error [0m	stmt: insert into `black` (`black_id`,`deleted_at`,`user_id`,`black_user_id`,`start_time`,`end_time`,`black_type`) values (0, {0001-01-01 00:00:00 +0000 UTC false}, 5896924802, 0, '2023-05-29 17:42:50.8273439 +0800 CST m=+154.897108801', '2023-06-05 17:42:50.8273439 +0800 CST', 0), error: Error 1062 (23000): Duplicate entry '0' for key 'black.PRIMARY'	caller=sqlx/utils.go:140	trace=f2491f6b1be6a301c7aa0f88a6a1154f	span=b76591351dd78354
2023-05-29T17:42:50.829+08:00	[31;1m error [0m	Error 1062 (23000): Duplicate entry '0' for key 'black.PRIMARY'	caller=logic/addblacklistlogic.go:41
2023-05-29T17:43:14.806+08:00	[31;1m error [0m	stmt: insert into `black` (`black_id`,`deleted_at`,`user_id`,`black_user_id`,`start_time`,`end_time`,`black_type`) values (0, {0001-01-01 00:00:00 +0000 UTC false}, 886645, 0, '2023-05-29 17:43:14.8054103 +0800 CST m=+178.875175201', '2023-06-05 17:43:14.8054103 +0800 CST', 0), error: Error 1062 (23000): Duplicate entry '0' for key 'black.PRIMARY'	caller=sqlx/utils.go:140	trace=a707a4e7e69f0b679f43607053195119	span=3dfa80caecea68a3
2023-05-29T17:43:14.806+08:00	[31;1m error [0m	Error 1062 (23000): Duplicate entry '0' for key 'black.PRIMARY'	caller=logic/addblacklistlogic.go:41
2023-05-29T17:43:26.481+08:00	[31;1m error [0m	<nil>	caller=logic/addadminlogic.go:34
2023-05-29T17:43:26.481+08:00	[31;1m error [0m	[core][Server #1] grpc: server failed to encode response: rpc error: code = Internal desc = grpc: error while marshaling: proto: Marshal called with nil	caller=internal/rpclogger.go:30
2023-05-29T17:43:29.528+08:00	[31;1m error [0m	<nil>	caller=logic/addadminlogic.go:34
2023-05-29T17:43:29.529+08:00	[31;1m error [0m	[core][Server #1] grpc: server failed to encode response: rpc error: code = Internal desc = grpc: error while marshaling: proto: Marshal called with nil	caller=internal/rpclogger.go:30
2023-05-29T17:43:30.240+08:00	[31;1m error [0m	<nil>	caller=logic/addadminlogic.go:34
2023-05-29T17:43:30.240+08:00	[31;1m error [0m	[core][Server #1] grpc: server failed to encode response: rpc error: code = Internal desc = grpc: error while marshaling: proto: Marshal called with nil	caller=internal/rpclogger.go:30
2023-05-29T17:43:30.782+08:00	[31;1m error [0m	<nil>	caller=logic/addadminlogic.go:34
2023-05-29T17:43:30.782+08:00	[31;1m error [0m	[core][Server #1] grpc: server failed to encode response: rpc error: code = Internal desc = grpc: error while marshaling: proto: Marshal called with nil	caller=internal/rpclogger.go:30
2023-05-29T17:43:31.114+08:00	[31;1m error [0m	<nil>	caller=logic/addadminlogic.go:34
2023-05-29T17:43:31.114+08:00	[31;1m error [0m	[core][Server #1] grpc: server failed to encode response: rpc error: code = Internal desc = grpc: error while marshaling: proto: Marshal called with nil	caller=internal/rpclogger.go:30
2023-05-29T17:43:39.611+08:00	[31;1m error [0m	<nil>	caller=logic/addadminlogic.go:34
2023-05-29T17:43:39.611+08:00	[31;1m error [0m	[core][Server #1] grpc: server failed to encode response: rpc error: code = Internal desc = grpc: error while marshaling: proto: Marshal called with nil	caller=internal/rpclogger.go:30
2023-05-29T17:43:40.177+08:00	[31;1m error [0m	<nil>	caller=logic/addadminlogic.go:34
2023-05-29T17:43:40.177+08:00	[31;1m error [0m	[core][Server #1] grpc: server failed to encode response: rpc error: code = Internal desc = grpc: error while marshaling: proto: Marshal called with nil	caller=internal/rpclogger.go:30
2023-05-29T17:43:40.571+08:00	[31;1m error [0m	<nil>	caller=logic/addadminlogic.go:34
2023-05-29T17:43:40.571+08:00	[31;1m error [0m	[core][Server #1] grpc: server failed to encode response: rpc error: code = Internal desc = grpc: error while marshaling: proto: Marshal called with nil	caller=internal/rpclogger.go:30
2023-05-29T17:43:40.954+08:00	[31;1m error [0m	<nil>	caller=logic/addadminlogic.go:34
2023-05-29T17:43:40.954+08:00	[31;1m error [0m	[core][Server #1] grpc: server failed to encode response: rpc error: code = Internal desc = grpc: error while marshaling: proto: Marshal called with nil	caller=internal/rpclogger.go:30
2023-05-29T17:50:58.719+08:00	[31;1m error [0m	stmt: insert into `black` (`black_id`,`deleted_at`,`user_id`,`black_user_id`,`start_time`,`end_time`,`black_type`) values (0, {0001-01-01 00:00:00 +0000 UTC false}, 886645, 1663120741492592640, '2023-05-29 17:50:58.7184107 +0800 CST m=+1.598292801', '2023-06-05 17:50:58.7184107 +0800 CST', 0), error: Error 1062 (23000): Duplicate entry '0' for key 'black.PRIMARY'	caller=sqlx/utils.go:140	trace=94b50503f14157eb61366ada90c9b018	span=98c957fab557ea3d
2023-05-29T17:50:58.719+08:00	[31;1m error [0m	Error 1062 (23000): Duplicate entry '0' for key 'black.PRIMARY'	caller=logic/addblacklistlogic.go:47
2023-05-29T17:50:59.508+08:00	[31;1m error [0m	stmt: insert into `black` (`black_id`,`deleted_at`,`user_id`,`black_user_id`,`start_time`,`end_time`,`black_type`) values (0, {0001-01-01 00:00:00 +0000 UTC false}, 886645, 1663120744806092800, '2023-05-29 17:50:59.5082053 +0800 CST m=+2.388087401', '2023-06-05 17:50:59.5082053 +0800 CST', 0), error: Error 1062 (23000): Duplicate entry '0' for key 'black.PRIMARY'	caller=sqlx/utils.go:140	trace=241071e75bd5ef0d33a0feb9fa6eeae2	span=6b00abc5bf1cdfa5
2023-05-29T17:50:59.508+08:00	[31;1m error [0m	Error 1062 (23000): Duplicate entry '0' for key 'black.PRIMARY'	caller=logic/addblacklistlogic.go:47
2023-05-29T17:51:00.340+08:00	[31;1m error [0m	stmt: insert into `black` (`black_id`,`deleted_at`,`user_id`,`black_user_id`,`start_time`,`end_time`,`black_type`) values (0, {0001-01-01 00:00:00 +0000 UTC false}, 886645, 1663120748295753728, '2023-05-29 17:51:00.3402611 +0800 CST m=+3.220143201', '2023-06-05 17:51:00.3402611 +0800 CST', 0), error: Error 1062 (23000): Duplicate entry '0' for key 'black.PRIMARY'	caller=sqlx/utils.go:140	trace=0fbb96f10a575b87ff2800cb5c29c881	span=a67af83d6fd5746a
2023-05-29T17:51:00.340+08:00	[31;1m error [0m	Error 1062 (23000): Duplicate entry '0' for key 'black.PRIMARY'	caller=logic/addblacklistlogic.go:47
2023-05-29T17:51:00.952+08:00	[31;1m error [0m	stmt: insert into `black` (`black_id`,`deleted_at`,`user_id`,`black_user_id`,`start_time`,`end_time`,`black_type`) values (0, {0001-01-01 00:00:00 +0000 UTC false}, 886645, 1663120750858473472, '2023-05-29 17:51:00.9515025 +0800 CST m=+3.831384601', '2023-06-05 17:51:00.9515025 +0800 CST', 0), error: Error 1062 (23000): Duplicate entry '0' for key 'black.PRIMARY'	caller=sqlx/utils.go:140	trace=71adb09e8789bd42a268758b7627f8d7	span=3e202179ffcf247c
2023-05-29T17:51:00.952+08:00	[31;1m error [0m	Error 1062 (23000): Duplicate entry '0' for key 'black.PRIMARY'	caller=logic/addblacklistlogic.go:47
2023-05-29T17:51:01.645+08:00	[31;1m error [0m	stmt: insert into `black` (`black_id`,`deleted_at`,`user_id`,`black_user_id`,`start_time`,`end_time`,`black_type`) values (0, {0001-01-01 00:00:00 +0000 UTC false}, 886645, 1663120753765126144, '2023-05-29 17:51:01.6444524 +0800 CST m=+4.524334501', '2023-06-05 17:51:01.6444524 +0800 CST', 0), error: Error 1062 (23000): Duplicate entry '0' for key 'black.PRIMARY'	caller=sqlx/utils.go:140	trace=6706867b13376ce61ce3386627f3d1f7	span=cc465174555f6ff3
2023-05-29T17:51:01.645+08:00	[31;1m error [0m	Error 1062 (23000): Duplicate entry '0' for key 'black.PRIMARY'	caller=logic/addblacklistlogic.go:47
2023-05-29T17:51:02.295+08:00	[31;1m error [0m	stmt: insert into `black` (`black_id`,`deleted_at`,`user_id`,`black_user_id`,`start_time`,`end_time`,`black_type`) values (0, {0001-01-01 00:00:00 +0000 UTC false}, 886645, 1663120756491423744, '2023-05-29 17:51:02.2941537 +0800 CST m=+5.174035801', '2023-06-05 17:51:02.2941537 +0800 CST', 0), error: Error 1062 (23000): Duplicate entry '0' for key 'black.PRIMARY'	caller=sqlx/utils.go:140	trace=ac6f45cba25b169e15295b1caf2141e3	span=f1566f88d658014f
2023-05-29T17:51:02.295+08:00	[31;1m error [0m	Error 1062 (23000): Duplicate entry '0' for key 'black.PRIMARY'	caller=logic/addblacklistlogic.go:47
2023-05-29T17:51:02.966+08:00	[31;1m error [0m	stmt: insert into `black` (`black_id`,`deleted_at`,`user_id`,`black_user_id`,`start_time`,`end_time`,`black_type`) values (0, {0001-01-01 00:00:00 +0000 UTC false}, 886645, 1663120759305801728, '2023-05-29 17:51:02.965515 +0800 CST m=+5.845397101', '2023-06-05 17:51:02.965515 +0800 CST', 0), error: Error 1062 (23000): Duplicate entry '0' for key 'black.PRIMARY'	caller=sqlx/utils.go:140	trace=866efb4dad210c0df2955a0bcd745c21	span=ec9287ab5e4cc01a
2023-05-29T17:51:02.966+08:00	[31;1m error [0m	Error 1062 (23000): Duplicate entry '0' for key 'black.PRIMARY'	caller=logic/addblacklistlogic.go:47
2023-05-29T17:51:03.573+08:00	[31;1m error [0m	stmt: insert into `black` (`black_id`,`deleted_at`,`user_id`,`black_user_id`,`start_time`,`end_time`,`black_type`) values (0, {0001-01-01 00:00:00 +0000 UTC false}, 886645, 1663120761851744256, '2023-05-29 17:51:03.572677 +0800 CST m=+6.452559101', '2023-06-05 17:51:03.572677 +0800 CST', 0), error: Error 1062 (23000): Duplicate entry '0' for key 'black.PRIMARY'	caller=sqlx/utils.go:140	trace=6ea4d273e1744f783b6c4d46b1a7ea11	span=c88481b66041125a
2023-05-29T17:51:03.573+08:00	[31;1m error [0m	Error 1062 (23000): Duplicate entry '0' for key 'black.PRIMARY'	caller=logic/addblacklistlogic.go:47
